stepCount/wear/build/outputs/logs/manifest-merger-debug-report.txt
-- Merging decision tree log ---
manifest
ADDED from src/main/AndroidManifest.xml:1:1-95:12
	package
		ADDED from src/main/AndroidManifest.xml:2:5-45
		INJECTED from src/main/AndroidManifest.xml
		INJECTED from src/main/AndroidManifest.xml
	android:versionName
		INJECTED from src/main/AndroidManifest.xml
		INJECTED from src/main/AndroidManifest.xml
	xmlns:android
		ADDED from src/main/AndroidManifest.xml:1:11-69
	android:versionCode
		INJECTED from src/main/AndroidManifest.xml
		INJECTED from src/main/AndroidManifest.xml
uses-feature#android.hardware.type.watch
ADDED from src/main/AndroidManifest.xml:4:5-64
	android:name
		ADDED from src/main/AndroidManifest.xml:4:19-61
uses-permission#android.permission.WAKE_LOCK
ADDED from src/main/AndroidManifest.xml:7:5-68
	android:name
		ADDED from src/main/AndroidManifest.xml:7:22-65
uses-sdk
ADDED from src/main/AndroidManifest.xml:9:5-10:41
MERGED from [com.google.android.support:wearable:2.0.0-alpha1] AndroidManifest.xml:4:5-6:41
MERGED from [com.android.support:recyclerview-v7:23.0.1] AndroidManifest.xml:20:5-43
MERGED from [com.google.android.gms:play-services-wearable:8.1.0] AndroidManifest.xml:18:5-42
MERGED from [com.google.android.gms:play-services-base:8.1.0] AndroidManifest.xml:18:5-42
MERGED from [com.google.android.gms:play-services-basement:8.1.0] AndroidManifest.xml:18:5-42
MERGED from [com.android.support:support-v13:23.4.0] AndroidManifest.xml:20:5-44
MERGED from [com.android.support:support-v4:23.4.0] AndroidManifest.xml:20:5-43
	android:targetSdkVersion
		ADDED from src/main/AndroidManifest.xml:10:9-38
		INJECTED from src/main/AndroidManifest.xml
		INJECTED from src/main/AndroidManifest.xml
	android:minSdkVersion
		ADDED from src/main/AndroidManifest.xml:9:15-41
		INJECTED from src/main/AndroidManifest.xml
		INJECTED from src/main/AndroidManifest.xml
application
ADDED from src/main/AndroidManifest.xml:13:5-93:19
MERGED from [com.google.android.support:wearable:2.0.0-alpha1] AndroidManifest.xml:8:5-20
MERGED from [com.google.android.gms:play-services-wearable:8.1.0] AndroidManifest.xml:19:5-20
MERGED from [com.google.android.gms:play-services-basement:8.1.0] AndroidManifest.xml:20:5-24:19
MERGED from [com.android.support:support-v13:23.4.0] AndroidManifest.xml:22:5-20
MERGED from [com.android.support:support-v4:23.4.0] AndroidManifest.xml:22:5-20
	android:label
		ADDED from src/main/AndroidManifest.xml:16:9-41
	android:supportsRtl
		ADDED from src/main/AndroidManifest.xml:17:9-35
	android:allowBackup
		ADDED from src/main/AndroidManifest.xml:14:9-35
	android:icon
		ADDED from src/main/AndroidManifest.xml:15:9-43
	android:theme
		ADDED from src/main/AndroidManifest.xml:18:9-59
uses-library#com.google.android.wearable
ADDED from src/main/AndroidManifest.xml:21:9-93
	android:required
		ADDED from src/main/AndroidManifest.xml:21:66-90
	android:name
		ADDED from src/main/AndroidManifest.xml:21:23-65
meta-data#com.google.android.gms.version
ADDED from src/main/AndroidManifest.xml:24:9-122
MERGED from [com.google.android.gms:play-services-basement:8.1.0] AndroidManifest.xml:21:9-23:69
	android:value
		ADDED from src/main/AndroidManifest.xml:24:66-119
	android:name
		ADDED from src/main/AndroidManifest.xml:24:20-65
activity#com.siddique.androidwear.today.StepCounterActivity
ADDED from src/main/AndroidManifest.xml:25:9-34:20
	android:label
		ADDED from src/main/AndroidManifest.xml:27:13-39
	android:name
		ADDED from src/main/AndroidManifest.xml:26:13-48
intent-filter#android.intent.action.MAIN+android.intent.category.LAUNCHER
ADDED from src/main/AndroidManifest.xml:30:13-33:29
action#android.intent.action.MAIN
ADDED from src/main/AndroidManifest.xml:31:17-69
	android:name
		ADDED from src/main/AndroidManifest.xml:31:25-66
category#android.intent.category.LAUNCHER
ADDED from src/main/AndroidManifest.xml:32:17-77
	android:name
		ADDED from src/main/AndroidManifest.xml:32:27-74
service#com.siddique.androidwear.today.TodayWatchFaceService
ADDED from src/main/AndroidManifest.xml:56:9-81:19
	android:label
		ADDED from src/main/AndroidManifest.xml:58:13-49
	android:permission
		ADDED from src/main/AndroidManifest.xml:59:13-67
	android:name
		ADDED from src/main/AndroidManifest.xml:57:13-50
meta-data#android.service.wallpaper
ADDED from src/main/AndroidManifest.xml:60:13-62:54
	android:resource
		ADDED from src/main/AndroidManifest.xml:62:17-51
	android:name
		ADDED from src/main/AndroidManifest.xml:61:17-57
meta-data#com.google.android.wearable.watchface.preview
ADDED from src/main/AndroidManifest.xml:63:13-65:64
	android:resource
		ADDED from src/main/AndroidManifest.xml:65:17-61
	android:name
		ADDED from src/main/AndroidManifest.xml:64:17-77
meta-data#com.google.android.wearable.watchface.preview_circular
ADDED from src/main/AndroidManifest.xml:66:13-68:73
	android:resource
		ADDED from src/main/AndroidManifest.xml:68:17-70
	android:name
		ADDED from src/main/AndroidManifest.xml:67:17-86
meta-data#com.google.android.wearable.watchface.companionConfigurationAction
ADDED from src/main/AndroidManifest.xml:69:13-71:81
	android:value
		ADDED from src/main/AndroidManifest.xml:71:17-78
	android:name
		ADDED from src/main/AndroidManifest.xml:70:17-98
meta-data#com.google.android.wearable.watchface.wearableConfigurationAction
ADDED from src/main/AndroidManifest.xml:72:13-74:81
	android:value
		ADDED from src/main/AndroidManifest.xml:74:17-78
	android:name
		ADDED from src/main/AndroidManifest.xml:73:17-97
intent-filter#android.service.wallpaper.WallpaperService+com.google.android.wearable.watchface.category.WATCH_FACE
ADDED from src/main/AndroidManifest.xml:76:13-80:29
action#android.service.wallpaper.WallpaperService
ADDED from src/main/AndroidManifest.xml:77:17-85
	android:name
		ADDED from src/main/AndroidManifest.xml:77:25-82
category#com.google.android.wearable.watchface.category.WATCH_FACE
ADDED from src/main/AndroidManifest.xml:79:17-102
	android:name
		ADDED from src/main/AndroidManifest.xml:79:27-99
activity#com.siddique.androidwear.today.WatchFaceConfigActivity
ADDED from src/main/AndroidManifest.xml:83:9-92:20
	android:label
		ADDED from src/main/AndroidManifest.xml:85:13-56
	android:name
		ADDED from src/main/AndroidManifest.xml:84:13-52
intent-filter#android.intent.category.DEFAULT+com.google.android.wearable.watchface.category.WEARABLE_CONFIGURATION+com.siddique.androidwear.today.CONFIG_DIGITAL
ADDED from src/main/AndroidManifest.xml:86:13-91:29
action#com.siddique.androidwear.today.CONFIG_DIGITAL
ADDED from src/main/AndroidManifest.xml:87:17-88
	android:name
		ADDED from src/main/AndroidManifest.xml:87:25-85
category#com.google.android.wearable.watchface.category.WEARABLE_CONFIGURATION
ADDED from src/main/AndroidManifest.xml:89:17-114
	android:name
		ADDED from src/main/AndroidManifest.xml:89:27-111
category#android.intent.category.DEFAULT
ADDED from src/main/AndroidManifest.xml:90:17-76
	android:name
		ADDED from src/main/AndroidManifest.xml:90:27-73